<?xml version="1.0" encoding="UTF-8"?>
<testng-results skipped="0" failed="0" total="3" passed="3">
  <reporter-output>
  </reporter-output>
  <suite name="Default suite" duration-ms="11263" started-at="2021-08-15T06:43:27Z" finished-at="2021-08-15T06:43:38Z">
    <groups>
    </groups>
    <test name="Default test" duration-ms="11263" started-at="2021-08-15T06:43:27Z" finished-at="2021-08-15T06:43:38Z">
      <class name="com.qa.hupspot.tests.LoginPageTest">
        <test-method status="PASS" signature="setUp()[pri:0, instance:com.qa.hupspot.tests.LoginPageTest@3567135c]" name="setUp" is-config="true" duration-ms="8346" started-at="2021-08-15T12:13:27Z" finished-at="2021-08-15T12:13:35Z">
          <reporter-output>
          </reporter-output>
        </test-method> <!-- setUp -->
        <test-method status="PASS" signature="verifyLoginpPageTitelTest()[pri:1, instance:com.qa.hupspot.tests.LoginPageTest@3567135c]" name="verifyLoginpPageTitelTest" duration-ms="117" started-at="2021-08-15T12:13:35Z" finished-at="2021-08-15T12:13:35Z">
          <reporter-output>
          </reporter-output>
        </test-method> <!-- verifyLoginpPageTitelTest -->
        <test-method status="PASS" signature="verifyForgetPasswordLink()[pri:2, instance:com.qa.hupspot.tests.LoginPageTest@3567135c]" name="verifyForgetPasswordLink" duration-ms="184" started-at="2021-08-15T12:13:35Z" finished-at="2021-08-15T12:13:35Z">
          <reporter-output>
          </reporter-output>
        </test-method> <!-- verifyForgetPasswordLink -->
        <test-method status="PASS" signature="loginTest()[pri:3, instance:com.qa.hupspot.tests.LoginPageTest@3567135c]" name="loginTest" duration-ms="1624" started-at="2021-08-15T12:13:35Z" finished-at="2021-08-15T12:13:37Z">
          <reporter-output>
          </reporter-output>
        </test-method> <!-- loginTest -->
        <test-method status="PASS" signature="tearDown()[pri:0, instance:com.qa.hupspot.tests.LoginPageTest@3567135c]" name="tearDown" is-config="true" duration-ms="952" started-at="2021-08-15T12:13:37Z" finished-at="2021-08-15T12:13:38Z">
          <reporter-output>
          </reporter-output>
        </test-method> <!-- tearDown -->
      </class> <!-- com.qa.hupspot.tests.LoginPageTest -->
    </test> <!-- Default test -->
  </suite> <!-- Default suite -->
</testng-results>
